#
# There is insufficient memory for the Java Runtime Environment to continue.
# Native memory allocation (mmap) failed to map 65536 bytes. Error detail: Failed to commit metaspace.
# Possible reasons:
#   The system is out of physical RAM or swap space
#   This process is running with CompressedOops enabled, and the Java Heap may be blocking the growth of the native heap
# Possible solutions:
#   Reduce memory load on the system
#   Increase physical memory or swap space
#   Check if swap backing store is full
#   Decrease Java heap size (-Xmx/-Xms)
#   Decrease number of Java threads
#   Decrease Java thread stack sizes (-Xss)
#   Set larger code cache with -XX:ReservedCodeCacheSize=
#   JVM is running with Unscaled Compressed Oops mode in which the Java heap is
#     placed in the first 4GB address space. The Java Heap base address is the
#     maximum limit for the native heap growth. Please use -XX:HeapBaseMinAddress
#     to set the Java Heap base and to place the Java Heap above 4GB virtual address.
# This output file may be truncated or incomplete.
#
#  Out of Memory Error (virtualSpaceNode.cpp:113), pid=11244, tid=6448
#
# JRE version: OpenJDK Runtime Environment JBR-21.0.5+8-631.30-jcef (21.0.5+8) (build 21.0.5+8-b631.30)
# Java VM: OpenJDK 64-Bit Server VM JBR-21.0.5+8-631.30-jcef (21.0.5+8-b631.30, mixed mode, tiered, compressed oops, compressed class ptrs, g1 gc, windows-amd64)
# No core dump will be written. Minidumps are not enabled by default on client versions of Windows
#

---------------  S U M M A R Y ------------

Command Line: git4idea.http.GitAskPassApp Username for 'https://github.com': 

Host: AMD Ryzen 5 3500U with Radeon Vega Mobile Gfx  , 8 cores, 6G,  Windows 11 , 64 bit Build 22621 (10.0.22621.5415)
Time: Fri Nov 28 00:56:38 2025 GMT Standard Time elapsed time: 0.349662 seconds (0d 0h 0m 0s)

---------------  T H R E A D  ---------------

Current thread (0x000001e13a5805b0):  JavaThread "main"             [_thread_in_vm, id=6448, stack(0x000000b9a6e00000,0x000000b9a6f00000) (1024K)]

Stack: [0x000000b9a6e00000,0x000000b9a6f00000]
Native frames: (J=compiled Java code, j=interpreted, Vv=VM code, C=native code)
V  [jvm.dll+0x6e52b9]
V  [jvm.dll+0x8c3633]
V  [jvm.dll+0x8c5b8e]
V  [jvm.dll+0x8c6273]
V  [jvm.dll+0x288f46]
V  [jvm.dll+0x8be47e]
V  [jvm.dll+0x686805]
V  [jvm.dll+0x68686a]
V  [jvm.dll+0x689086]
V  [jvm.dll+0x688f52]
V  [jvm.dll+0x6871be]
V  [jvm.dll+0x27269f]
V  [jvm.dll+0x691445]
V  [jvm.dll+0x21d21c]
V  [jvm.dll+0x21d765]
V  [jvm.dll+0x21e146]
V  [jvm.dll+0x213199]
V  [jvm.dll+0x5c4333]
V  [jvm.dll+0x224bdb]
V  [jvm.dll+0x83a43c]
V  [jvm.dll+0x83b4e2]
V  [jvm.dll+0x83baa4]
V  [jvm.dll+0x83b738]
V  [jvm.dll+0x27607b]
V  [jvm.dll+0x3e378e]
C  0x000001e147b4a816

The last pc belongs to new (printed below).
Java frames: (J=compiled Java code, j=interpreted, Vv=VM code)
j  sun.security.util.CurveDB.bi(Ljava/lang/String;)Ljava/math/BigInteger;+0 java.base@21.0.5
j  sun.security.util.CurveDB.add(Lsun/security/util/KnownOIDs;ILjava/lang/String;Ljava/lang/String;Ljava/lang/String;Ljava/lang/String;Ljava/lang/String;Ljava/lang/String;I)Lsun/security/util/NamedCurve;+1 java.base@21.0.5
j  sun.security.util.CurveDB.<clinit>()V+47 java.base@21.0.5
v  ~StubRoutines::call_stub 0x000001e147b3100d
j  sun.security.ec.SunEC.putEntries()V+68 jdk.crypto.ec@21.0.5
j  sun.security.ec.SunEC$1.run()Ljava/lang/Void;+4 jdk.crypto.ec@21.0.5
j  sun.security.ec.SunEC$1.run()Ljava/lang/Object;+1 jdk.crypto.ec@21.0.5
j  java.security.AccessController.executePrivileged(Ljava/security/PrivilegedAction;Ljava/security/AccessControlContext;Ljava/lang/Class;)Ljava/lang/Object;+29 java.base@21.0.5
j  java.security.AccessController.doPrivileged(Ljava/security/PrivilegedAction;)Ljava/lang/Object;+5 java.base@21.0.5
j  sun.security.ec.SunEC.<init>()V+19 jdk.crypto.ec@21.0.5
j  java.lang.invoke.DirectMethodHandle$Holder.newInvokeSpecial(Ljava/lang/Object;)Ljava/lang/Object;+15 java.base@21.0.5
j  java.lang.invoke.Invokers$Holder.invokeExact_MT(Ljava/lang/Object;Ljava/lang/Object;)Ljava/lang/Object;+18 java.base@21.0.5
j  jdk.internal.reflect.DirectConstructorHandleAccessor.invokeImpl([Ljava/lang/Object;)Ljava/lang/Object;+40 java.base@21.0.5
j  jdk.internal.reflect.DirectConstructorHandleAccessor.newInstance([Ljava/lang/Object;)Ljava/lang/Object;+60 java.base@21.0.5
j  java.lang.reflect.Constructor.newInstanceWithCaller([Ljava/lang/Object;ZLjava/lang/Class;)Ljava/lang/Object;+41 java.base@21.0.5
j  java.lang.reflect.Constructor.newInstance([Ljava/lang/Object;)Ljava/lang/Object;+30 java.base@21.0.5
j  java.util.ServiceLoader$ProviderImpl.newInstance()Ljava/lang/Object;+19 java.base@21.0.5
j  java.util.ServiceLoader$ProviderImpl.get()Ljava/lang/Object;+13 java.base@21.0.5
j  java.util.ServiceLoader$3.next()Ljava/lang/Object;+58 java.base@21.0.5
j  sun.security.jca.ProviderConfig$ProviderLoader.load(Ljava/lang/String;)Ljava/security/Provider;+54 java.base@21.0.5
j  sun.security.jca.ProviderConfig$3.run()Ljava/security/Provider;+44 java.base@21.0.5
j  sun.security.jca.ProviderConfig$3.run()Ljava/lang/Object;+1 java.base@21.0.5
j  java.security.AccessController.executePrivileged(Ljava/security/PrivilegedAction;Ljava/security/AccessControlContext;Ljava/lang/Class;)Ljava/lang/Object;+29 java.base@21.0.5
j  java.security.AccessController.doPrivileged(Ljava/security/PrivilegedAction;)Ljava/lang/Object;+5 java.base@21.0.5
j  sun.security.jca.ProviderConfig.doLoadProvider()Ljava/security/Provider;+8 java.base@21.0.5
j  sun.security.jca.ProviderConfig.getProvider()Ljava/security/Provider;+281 java.base@21.0.5
j  sun.security.jca.ProviderList.getProvider(I)Ljava/security/Provider;+6 java.base@21.0.5
j  sun.security.jca.ProviderList.getService(Ljava/lang/String;Ljava/lang/String;)Ljava/security/Provider$Service;+88 java.base@21.0.5
j  sun.security.jca.GetInstance.getInstance(Ljava/lang/String;Ljava/lang/Class;Ljava/lang/String;)Lsun/security/jca/GetInstance$Instance;+7 java.base@21.0.5
j  javax.net.ssl.SSLContext.getInstance(Ljava/lang/String;)Ljavax/net/ssl/SSLContext;+12 java.base@21.0.5
j  externalApp.ExternalAppUtil.sendIdeRequest(Ljava/lang/String;ILjava/lang/String;Ljava/lang/String;)LexternalApp/ExternalAppUtil$Result;+34
j  git4idea.http.GitAskPassApp.main([Ljava/lang/String;)V+37
v  ~StubRoutines::call_stub 0x000001e147b3100d
new  187 new  [0x000001e147b4a6a0, 0x000001e147b4a8a0]  512 bytes
[MachCode]
  0x000001e147b4a6a0: 4883 ec08 | c5fa 1104 | 24eb 1f48 | 83ec 10c5 | fb11 0424 | eb14 4883 | ec10 4889 | 0424 48c7 
  0x000001e147b4a6c0: 4424 0800 | 0000 00eb | 0150 410f | b755 010f | cac1 ea10 | 488b 4de8 | 488b 4908 | 488b 4908 
  0x000001e147b4a6e0: 488b 4108 | 807c 1004 | 070f 85ca | 0000 0066 | 8b54 d148 | 488b 4928 | 488b 4cd1 | 0851 80b9 
  0x000001e147b4a700: 4101 0000 | 040f 85ad | 0000 008b | 5108 f6c2 | 010f 85a1 | 0000 0049 | 8b87 b801 | 0000 488d 
  0x000001e147b4a720: 1c10 493b | 9fc8 0100 | 000f 8789 | 0000 0049 | 899f b801 | 0000 4883 | ea10 0f84 | 0f00 0000 
  0x000001e147b4a740: 33c9 c1ea | 0348 894c | d008 48ff | ca75 f648 | c700 0100 | 0000 5933 | f689 700c | 48c1 e903 
  0x000001e147b4a760: 8948 0849 | baf7 5dab | 6cfa 7f00 | 0041 803a | 000f 843c | 0000 0050 | 488b c848 | 83ec 2040 
  0x000001e147b4a780: f6c4 0f0f | 8419 0000 | 0048 83ec | 0848 b8a0 | c754 6cfa | 7f00 00ff | d048 83c4 | 08e9 0c00 
  0x000001e147b4a7a0: 0000 48b8 | a0c7 546c | fa7f 0000 | ffd0 4883 | c420 58e9 | cb00 0000 | 5948 8b55 | e848 8b52 
  0x000001e147b4a7c0: 0848 8b52 | 0845 0fb7 | 4501 410f | c841 c1e8 | 10e8 0500 | 0000 e9a8 | 0000 0048 | 8d44 2408 
  0x000001e147b4a7e0: 4c89 6dc0 | 498b cfc5 | f877 4989 | afa8 0300 | 0049 8987 | 9803 0000 | 4883 ec20 | 40f6 c40f 
  0x000001e147b4a800: 0f84 1900 | 0000 4883 | ec08 48b8 | 4037 1e6c | fa7f 0000 | ffd0 4883 | c408 e90c | 0000 0048 
  0x000001e147b4a820: b840 371e | 6cfa 7f00 | 00ff d048 | 83c4 2049 | c787 9803 | 0000 0000 | 0000 49c7 | 87a8 0300 
  0x000001e147b4a840: 0000 0000 | 0049 c787 | a003 0000 | 0000 0000 | c5f8 7749 | 837f 0800 | 0f84 0500 | 0000 e99d 
  0x000001e147b4a860: 66fe ff49 | 8b87 f003 | 0000 49c7 | 87f0 0300 | 0000 0000 | 004c 8b6d | c04c 8b75 | c84e 8d74 
  0x000001e147b4a880: f500 c341 | 0fb6 5d03 | 4983 c503 | 49ba c028 | ae6c fa7f | 0000 41ff | 24da 660f | 1f44 0000 
[/MachCode]

---------------  P R O C E S S  ---------------

Threads class SMR info:
_java_thread_list=0x000001e1549e7730, length=11, elements={
0x000001e13a5805b0, 0x000001e15480b490, 0x000001e15480c3a0, 0x000001e154843fe0,
0x000001e154844a30, 0x000001e154847490, 0x000001e154849ef0, 0x000001e15485d140,
0x000001e15485dbd0, 0x000001e154a04460, 0x000001e154a06c90
}

Java Threads: ( => current thread )
=>0x000001e13a5805b0 JavaThread "main"                              [_thread_in_vm, id=6448, stack(0x000000b9a6e00000,0x000000b9a6f00000) (1024K)]
  0x000001e15480b490 JavaThread "Reference Handler"          daemon [_thread_blocked, id=15912, stack(0x000000b9a7600000,0x000000b9a7700000) (1024K)]
  0x000001e15480c3a0 JavaThread "Finalizer"                  daemon [_thread_blocked, id=13152, stack(0x000000b9a7700000,0x000000b9a7800000) (1024K)]
  0x000001e154843fe0 JavaThread "Signal Dispatcher"          daemon [_thread_blocked, id=10808, stack(0x000000b9a7800000,0x000000b9a7900000) (1024K)]
  0x000001e154844a30 JavaThread "Attach Listener"            daemon [_thread_blocked, id=17172, stack(0x000000b9a7900000,0x000000b9a7a00000) (1024K)]
  0x000001e154847490 JavaThread "Service Thread"             daemon [_thread_blocked, id=6224, stack(0x000000b9a7a00000,0x000000b9a7b00000) (1024K)]
  0x000001e154849ef0 JavaThread "Monitor Deflation Thread"   daemon [_thread_blocked, id=17168, stack(0x000000b9a7b00000,0x000000b9a7c00000) (1024K)]
  0x000001e15485d140 JavaThread "C2 CompilerThread0"         daemon [_thread_blocked, id=10588, stack(0x000000b9a7c00000,0x000000b9a7d00000) (1024K)]
  0x000001e15485dbd0 JavaThread "C1 CompilerThread0"         daemon [_thread_blocked, id=19676, stack(0x000000b9a7d00000,0x000000b9a7e00000) (1024K)]
  0x000001e154a04460 JavaThread "Notification Thread"        daemon [_thread_blocked, id=18824, stack(0x000000b9a7e00000,0x000000b9a7f00000) (1024K)]
  0x000001e154a06c90 JavaThread "Common-Cleaner"             daemon [_thread_blocked, id=19892, stack(0x000000b9a7f00000,0x000000b9a8000000) (1024K)]
Total: 11

Other Threads:
  0x000001e1546676e0 VMThread "VM Thread"                           [id=6528, stack(0x000000b9a7500000,0x000000b9a7600000) (1024K)]
  0x000001e15461bdf0 WatcherThread "VM Periodic Task Thread"        [id=16376, stack(0x000000b9a7400000,0x000000b9a7500000) (1024K)]
  0x000001e13c6bab60 WorkerThread "GC Thread#0"                     [id=13528, stack(0x000000b9a6f00000,0x000000b9a7000000) (1024K)]
  0x000001e13c6c9af0 ConcurrentGCThread "G1 Main Marker"            [id=16168, stack(0x000000b9a7000000,0x000000b9a7100000) (1024K)]
  0x000001e13c6ca5f0 WorkerThread "G1 Conc#0"                       [id=8508, stack(0x000000b9a7100000,0x000000b9a7200000) (1024K)]
  0x000001e1544f09d0 ConcurrentGCThread "G1 Refine#0"               [id=17988, stack(0x000000b9a7200000,0x000000b9a7300000) (1024K)]
  0x000001e1544f1450 ConcurrentGCThread "G1 Service"                [id=8688, stack(0x000000b9a7300000,0x000000b9a7400000) (1024K)]
Total: 7

Threads with active compile tasks:
Total: 0

VM state: not at safepoint (normal execution)

VM Mutex/Monitor currently owned by a thread:  ([mutex/lock_event])
[0x00007ffa6cacc830] Metaspace_lock - owner thread: 0x000001e13a5805b0

Heap address: 0x0000000091000000, size: 1776 MB, Compressed Oops mode: 32-bit

CDS archive(s) not mapped
Compressed class space mapped at: 0x0000000100000000-0x0000000140000000, reserved size: 1073741824
Narrow klass base: 0x0000000000000000, Narrow klass shift: 3, Narrow klass range: 0x140000000

GC Precious Log:
 CardTable entry size: 512
 Card Set container configuration: InlinePtr #cards 5 size 8 Array Of Cards #cards 12 size 40 Howl #buckets 4 coarsen threshold 1843 Howl Bitmap #cards 512 size 80 coarsen threshold 460 Card regions per heap region 1 cards per card region 2048
 CPUs: 8 total, 8 available
 Memory: 7103M
 Large Page Support: Disabled
 NUMA Support: Disabled
 Compressed Oops: Enabled (32-bit)
 Heap Region Size: 1M
 Heap Min Capacity: 8M
 Heap Initial Capacity: 112M
 Heap Max Capacity: 1776M
 Pre-touch: Disabled
 Parallel Workers: 8
 Concurrent Workers: 2
 Concurrent Refinement Workers: 8
 Periodic GC: Disabled

Heap:
 garbage-first heap   total 114688K, used 2048K [0x0000000091000000, 0x0000000100000000)
  region size 1024K, 3 young (3072K), 0 survivors (0K)
 Metaspace       used 8083K, committed 8192K, reserved 1114112K
  class space    used 668K, committed 768K, reserved 1048576K

Heap Regions: E=young(eden), S=young(survivor), O=old, HS=humongous(starts), HC=humongous(continues), CS=collection set, F=free, TAMS=top-at-mark-start, PB=parsable bottom
|   0|0x0000000091000000, 0x0000000091000000, 0x0000000091100000|  0%| F|  |TAMS 0x0000000091000000| PB 0x0000000091000000| Untracked 
|   1|0x0000000091100000, 0x0000000091100000, 0x0000000091200000|  0%| F|  |TAMS 0x0000000091100000| PB 0x0000000091100000| Untracked 
|   2|0x0000000091200000, 0x0000000091200000, 0x0000000091300000|  0%| F|  |TAMS 0x0000000091200000| PB 0x0000000091200000| Untracked 
|   3|0x0000000091300000, 0x0000000091300000, 0x0000000091400000|  0%| F|  |TAMS 0x0000000091300000| PB 0x0000000091300000| Untracked 
|   4|0x0000000091400000, 0x0000000091400000, 0x0000000091500000|  0%| F|  |TAMS 0x0000000091400000| PB 0x0000000091400000| Untracked 
|   5|0x0000000091500000, 0x0000000091500000, 0x0000000091600000|  0%| F|  |TAMS 0x0000000091500000| PB 0x0000000091500000| Untracked 
|   6|0x0000000091600000, 0x0000000091600000, 0x0000000091700000|  0%| F|  |TAMS 0x0000000091600000| PB 0x0000000091600000| Untracked 
|   7|0x0000000091700000, 0x0000000091700000, 0x0000000091800000|  0%| F|  |TAMS 0x0000000091700000| PB 0x0000000091700000| Untracked 
|   8|0x0000000091800000, 0x0000000091800000, 0x0000000091900000|  0%| F|  |TAMS 0x0000000091800000| PB 0x0000000091800000| Untracked 
|   9|0x0000000091900000, 0x0000000091900000, 0x0000000091a00000|  0%| F|  |TAMS 0x0000000091900000| PB 0x0000000091900000| Untracked 
|  10|0x0000000091a00000, 0x0000000091a00000, 0x0000000091b00000|  0%| F|  |TAMS 0x0000000091a00000| PB 0x0000000091a00000| Untracked 
|  11|0x0000000091b00000, 0x0000000091b00000, 0x0000000091c00000|  0%| F|  |TAMS 0x0000000091b00000| PB 0x0000000091b00000| Untracked 
|  12|0x0000000091c00000, 0x0000000091c00000, 0x0000000091d00000|  0%| F|  |TAMS 0x0000000091c00000| PB 0x0000000091c00000| Untracked 
|  13|0x0000000091d00000, 0x0000000091d00000, 0x0000000091e00000|  0%| F|  |TAMS 0x0000000091d00000| PB 0x0000000091d00000| Untracked 
|  14|0x0000000091e00000, 0x0000000091e00000, 0x0000000091f00000|  0%| F|  |TAMS 0x0000000091e00000| PB 0x0000000091e00000| Untracked 
|  15|0x0000000091f00000, 0x0000000091f00000, 0x0000000092000000|  0%| F|  |TAMS 0x0000000091f00000| PB 0x0000000091f00000| Untracked 
|  16|0x0000000092000000, 0x0000000092000000, 0x0000000092100000|  0%| F|  |TAMS 0x0000000092000000| PB 0x0000000092000000| Untracked 
|  17|0x0000000092100000, 0x0000000092100000, 0x0000000092200000|  0%| F|  |TAMS 0x0000000092100000| PB 0x0000000092100000| Untracked 
|  18|0x0000000092200000, 0x0000000092200000, 0x0000000092300000|  0%| F|  |TAMS 0x0000000092200000| PB 0x0000000092200000| Untracked 
|  19|0x0000000092300000, 0x0000000092300000, 0x0000000092400000|  0%| F|  |TAMS 0x0000000092300000| PB 0x0000000092300000| Untracked 
|  20|0x0000000092400000, 0x0000000092400000, 0x0000000092500000|  0%| F|  |TAMS 0x0000000092400000| PB 0x0000000092400000| Untracked 
|  21|0x0000000092500000, 0x0000000092500000, 0x0000000092600000|  0%| F|  |TAMS 0x0000000092500000| PB 0x0000000092500000| Untracked 
|  22|0x0000000092600000, 0x0000000092600000, 0x0000000092700000|  0%| F|  |TAMS 0x0000000092600000| PB 0x0000000092600000| Untracked 
|  23|0x0000000092700000, 0x0000000092700000, 0x0000000092800000|  0%| F|  |TAMS 0x0000000092700000| PB 0x0000000092700000| Untracked 
|  24|0x0000000092800000, 0x0000000092800000, 0x0000000092900000|  0%| F|  |TAMS 0x0000000092800000| PB 0x0000000092800000| Untracked 
|  25|0x0000000092900000, 0x0000000092900000, 0x0000000092a00000|  0%| F|  |TAMS 0x0000000092900000| PB 0x0000000092900000| Untracked 
|  26|0x0000000092a00000, 0x0000000092a00000, 0x0000000092b00000|  0%| F|  |TAMS 0x0000000092a00000| PB 0x0000000092a00000| Untracked 
|  27|0x0000000092b00000, 0x0000000092b00000, 0x0000000092c00000|  0%| F|  |TAMS 0x0000000092b00000| PB 0x0000000092b00000| Untracked 
|  28|0x0000000092c00000, 0x0000000092c00000, 0x0000000092d00000|  0%| F|  |TAMS 0x0000000092c00000| PB 0x0000000092c00000| Untracked 
|  29|0x0000000092d00000, 0x0000000092d00000, 0x0000000092e00000|  0%| F|  |TAMS 0x0000000092d00000| PB 0x0000000092d00000| Untracked 
|  30|0x0000000092e00000, 0x0000000092e00000, 0x0000000092f00000|  0%| F|  |TAMS 0x0000000092e00000| PB 0x0000000092e00000| Untracked 
|  31|0x0000000092f00000, 0x0000000092f00000, 0x0000000093000000|  0%| F|  |TAMS 0x0000000092f00000| PB 0x0000000092f00000| Untracked 
|  32|0x0000000093000000, 0x0000000093000000, 0x0000000093100000|  0%| F|  |TAMS 0x0000000093000000| PB 0x0000000093000000| Untracked 
|  33|0x0000000093100000, 0x0000000093100000, 0x0000000093200000|  0%| F|  |TAMS 0x0000000093100000| PB 0x0000000093100000| Untracked 
|  34|0x0000000093200000, 0x0000000093200000, 0x0000000093300000|  0%| F|  |TAMS 0x0000000093200000| PB 0x0000000093200000| Untracked 
|  35|0x0000000093300000, 0x0000000093300000, 0x0000000093400000|  0%| F|  |TAMS 0x0000000093300000| PB 0x0000000093300000| Untracked 
|  36|0x0000000093400000, 0x0000000093400000, 0x0000000093500000|  0%| F|  |TAMS 0x0000000093400000| PB 0x0000000093400000| Untracked 
|  37|0x0000000093500000, 0x0000000093500000, 0x0000000093600000|  0%| F|  |TAMS 0x0000000093500000| PB 0x0000000093500000| Untracked 
|  38|0x0000000093600000, 0x0000000093600000, 0x0000000093700000|  0%| F|  |TAMS 0x0000000093600000| PB 0x0000000093600000| Untracked 
|  39|0x0000000093700000, 0x0000000093700000, 0x0000000093800000|  0%| F|  |TAMS 0x0000000093700000| PB 0x0000000093700000| Untracked 
|  40|0x0000000093800000, 0x0000000093800000, 0x0000000093900000|  0%| F|  |TAMS 0x0000000093800000| PB 0x0000000093800000| Untracked 
|  41|0x0000000093900000, 0x0000000093900000, 0x0000000093a00000|  0%| F|  |TAMS 0x0000000093900000| PB 0x0000000093900000| Untracked 
|  42|0x0000000093a00000, 0x0000000093a00000, 0x0000000093b00000|  0%| F|  |TAMS 0x0000000093a00000| PB 0x0000000093a00000| Untracked 
|  43|0x0000000093b00000, 0x0000000093b00000, 0x0000000093c00000|  0%| F|  |TAMS 0x0000000093b00000| PB 0x0000000093b00000| Untracked 
|  44|0x0000000093c00000, 0x0000000093c00000, 0x0000000093d00000|  0%| F|  |TAMS 0x0000000093c00000| PB 0x0000000093c00000| Untracked 
|  45|0x0000000093d00000, 0x0000000093d00000, 0x0000000093e00000|  0%| F|  |TAMS 0x0000000093d00000| PB 0x0000000093d00000| Untracked 
|  46|0x0000000093e00000, 0x0000000093e00000, 0x0000000093f00000|  0%| F|  |TAMS 0x0000000093e00000| PB 0x0000000093e00000| Untracked 
|  47|0x0000000093f00000, 0x0000000093f00000, 0x0000000094000000|  0%| F|  |TAMS 0x0000000093f00000| PB 0x0000000093f00000| Untracked 
|  48|0x0000000094000000, 0x0000000094000000, 0x0000000094100000|  0%| F|  |TAMS 0x0000000094000000| PB 0x0000000094000000| Untracked 
|  49|0x0000000094100000, 0x0000000094100000, 0x0000000094200000|  0%| F|  |TAMS 0x0000000094100000| PB 0x0000000094100000| Untracked 
|  50|0x0000000094200000, 0x0000000094200000, 0x0000000094300000|  0%| F|  |TAMS 0x0000000094200000| PB 0x0000000094200000| Untracked 
|  51|0x0000000094300000, 0x0000000094300000, 0x0000000094400000|  0%| F|  |TAMS 0x0000000094300000| PB 0x0000000094300000| Untracked 
|  52|0x0000000094400000, 0x0000000094400000, 0x0000000094500000|  0%| F|  |TAMS 0x0000000094400000| PB 0x0000000094400000| Untracked 
|  53|0x0000000094500000, 0x0000000094500000, 0x0000000094600000|  0%| F|  |TAMS 0x0000000094500000| PB 0x0000000094500000| Untracked 
|  54|0x0000000094600000, 0x0000000094600000, 0x0000000094700000|  0%| F|  |TAMS 0x0000000094600000| PB 0x0000000094600000| Untracked 
|  55|0x0000000094700000, 0x0000000094700000, 0x0000000094800000|  0%| F|  |TAMS 0x0000000094700000| PB 0x0000000094700000| Untracked 
|  56|0x0000000094800000, 0x0000000094800000, 0x0000000094900000|  0%| F|  |TAMS 0x0000000094800000| PB 0x0000000094800000| Untracked 
|  57|0x0000000094900000, 0x0000000094900000, 0x0000000094a00000|  0%| F|  |TAMS 0x0000000094900000| PB 0x0000000094900000| Untracked 
|  58|0x0000000094a00000, 0x0000000094a00000, 0x0000000094b00000|  0%| F|  |TAMS 0x0000000094a00000| PB 0x0000000094a00000| Untracked 
|  59|0x0000000094b00000, 0x0000000094b00000, 0x0000000094c00000|  0%| F|  |TAMS 0x0000000094b00000| PB 0x0000000094b00000| Untracked 
|  60|0x0000000094c00000, 0x0000000094c00000, 0x0000000094d00000|  0%| F|  |TAMS 0x0000000094c00000| PB 0x0000000094c00000| Untracked 
|  61|0x0000000094d00000, 0x0000000094d00000, 0x0000000094e00000|  0%| F|  |TAMS 0x0000000094d00000| PB 0x0000000094d00000| Untracked 
|  62|0x0000000094e00000, 0x0000000094e00000, 0x0000000094f00000|  0%| F|  |TAMS 0x0000000094e00000| PB 0x0000000094e00000| Untracked 
|  63|0x0000000094f00000, 0x0000000094f00000, 0x0000000095000000|  0%| F|  |TAMS 0x0000000094f00000| PB 0x0000000094f00000| Untracked 
|  64|0x0000000095000000, 0x0000000095000000, 0x0000000095100000|  0%| F|  |TAMS 0x0000000095000000| PB 0x0000000095000000| Untracked 
|  65|0x0000000095100000, 0x0000000095100000, 0x0000000095200000|  0%| F|  |TAMS 0x0000000095100000| PB 0x0000000095100000| Untracked 
|  66|0x0000000095200000, 0x0000000095200000, 0x0000000095300000|  0%| F|  |TAMS 0x0000000095200000| PB 0x0000000095200000| Untracked 
|  67|0x0000000095300000, 0x0000000095300000, 0x0000000095400000|  0%| F|  |TAMS 0x0000000095300000| PB 0x0000000095300000| Untracked 
|  68|0x0000000095400000, 0x0000000095400000, 0x0000000095500000|  0%| F|  |TAMS 0x0000000095400000| PB 0x0000000095400000| Untracked 
|  69|0x0000000095500000, 0x0000000095500000, 0x0000000095600000|  0%| F|  |TAMS 0x0000000095500000| PB 0x0000000095500000| Untracked 
|  70|0x0000000095600000, 0x0000000095600000, 0x0000000095700000|  0%| F|  |TAMS 0x0000000095600000| PB 0x0000000095600000| Untracked 
|  71|0x0000000095700000, 0x0000000095700000, 0x0000000095800000|  0%| F|  |TAMS 0x0000000095700000| PB 0x0000000095700000| Untracked 
|  72|0x0000000095800000, 0x0000000095800000, 0x0000000095900000|  0%| F|  |TAMS 0x0000000095800000| PB 0x0000000095800000| Untracked 
|  73|0x0000000095900000, 0x0000000095900000, 0x0000000095a00000|  0%| F|  |TAMS 0x0000000095900000| PB 0x0000000095900000| Untracked 
|  74|0x0000000095a00000, 0x0000000095a00000, 0x0000000095b00000|  0%| F|  |TAMS 0x0000000095a00000| PB 0x0000000095a00000| Untracked 
|  75|0x0000000095b00000, 0x0000000095b00000, 0x0000000095c00000|  0%| F|  |TAMS 0x0000000095b00000| PB 0x0000000095b00000| Untracked 
|  76|0x0000000095c00000, 0x0000000095c00000, 0x0000000095d00000|  0%| F|  |TAMS 0x0000000095c00000| PB 0x0000000095c00000| Untracked 
|  77|0x0000000095d00000, 0x0000000095d00000, 0x0000000095e00000|  0%| F|  |TAMS 0x0000000095d00000| PB 0x0000000095d00000| Untracked 
|  78|0x0000000095e00000, 0x0000000095e00000, 0x0000000095f00000|  0%| F|  |TAMS 0x0000000095e00000| PB 0x0000000095e00000| Untracked 
|  79|0x0000000095f00000, 0x0000000095f00000, 0x0000000096000000|  0%| F|  |TAMS 0x0000000095f00000| PB 0x0000000095f00000| Untracked 
|  80|0x0000000096000000, 0x0000000096000000, 0x0000000096100000|  0%| F|  |TAMS 0x0000000096000000| PB 0x0000000096000000| Untracked 
|  81|0x0000000096100000, 0x0000000096100000, 0x0000000096200000|  0%| F|  |TAMS 0x0000000096100000| PB 0x0000000096100000| Untracked 
|  82|0x0000000096200000, 0x0000000096200000, 0x0000000096300000|  0%| F|  |TAMS 0x0000000096200000| PB 0x0000000096200000| Untracked 
|  83|0x0000000096300000, 0x0000000096300000, 0x0000000096400000|  0%| F|  |TAMS 0x0000000096300000| PB 0x0000000096300000| Untracked 
|  84|0x0000000096400000, 0x0000000096400000, 0x0000000096500000|  0%| F|  |TAMS 0x0000000096400000| PB 0x0000000096400000| Untracked 
|  85|0x0000000096500000, 0x0000000096500000, 0x0000000096600000|  0%| F|  |TAMS 0x0000000096500000| PB 0x0000000096500000| Untracked 
|  86|0x0000000096600000, 0x0000000096600000, 0x0000000096700000|  0%| F|  |TAMS 0x0000000096600000| PB 0x0000000096600000| Untracked 
|  87|0x0000000096700000, 0x0000000096700000, 0x0000000096800000|  0%| F|  |TAMS 0x0000000096700000| PB 0x0000000096700000| Untracked 
|  88|0x0000000096800000, 0x0000000096800000, 0x0000000096900000|  0%| F|  |TAMS 0x0000000096800000| PB 0x0000000096800000| Untracked 
|  89|0x0000000096900000, 0x0000000096900000, 0x0000000096a00000|  0%| F|  |TAMS 0x0000000096900000| PB 0x0000000096900000| Untracked 
|  90|0x0000000096a00000, 0x0000000096a00000, 0x0000000096b00000|  0%| F|  |TAMS 0x0000000096a00000| PB 0x0000000096a00000| Untracked 
|  91|0x0000000096b00000, 0x0000000096b00000, 0x0000000096c00000|  0%| F|  |TAMS 0x0000000096b00000| PB 0x0000000096b00000| Untracked 
|  92|0x0000000096c00000, 0x0000000096c00000, 0x0000000096d00000|  0%| F|  |TAMS 0x0000000096c00000| PB 0x0000000096c00000| Untracked 
|  93|0x0000000096d00000, 0x0000000096d00000, 0x0000000096e00000|  0%| F|  |TAMS 0x0000000096d00000| PB 0x0000000096d00000| Untracked 
|  94|0x0000000096e00000, 0x0000000096e00000, 0x0000000096f00000|  0%| F|  |TAMS 0x0000000096e00000| PB 0x0000000096e00000| Untracked 
|  95|0x0000000096f00000, 0x0000000096f00000, 0x0000000097000000|  0%| F|  |TAMS 0x0000000096f00000| PB 0x0000000096f00000| Untracked 
|  96|0x0000000097000000, 0x0000000097000000, 0x0000000097100000|  0%| F|  |TAMS 0x0000000097000000| PB 0x0000000097000000| Untracked 
|  97|0x0000000097100000, 0x0000000097100000, 0x0000000097200000|  0%| F|  |TAMS 0x0000000097100000| PB 0x0000000097100000| Untracked 
|  98|0x0000000097200000, 0x0000000097200000, 0x0000000097300000|  0%| F|  |TAMS 0x0000000097200000| PB 0x0000000097200000| Untracked 
|  99|0x0000000097300000, 0x0000000097300000, 0x0000000097400000|  0%| F|  |TAMS 0x0000000097300000| PB 0x0000000097300000| Untracked 
| 100|0x0000000097400000, 0x0000000097400000, 0x0000000097500000|  0%| F|  |TAMS 0x0000000097400000| PB 0x0000000097400000| Untracked 
| 101|0x0000000097500000, 0x0000000097500000, 0x0000000097600000|  0%| F|  |TAMS 0x0000000097500000| PB 0x0000000097500000| Untracked 
| 102|0x0000000097600000, 0x0000000097600000, 0x0000000097700000|  0%| F|  |TAMS 0x0000000097600000| PB 0x0000000097600000| Untracked 
| 103|0x0000000097700000, 0x0000000097700000, 0x0000000097800000|  0%| F|  |TAMS 0x0000000097700000| PB 0x0000000097700000| Untracked 
| 104|0x0000000097800000, 0x0000000097800000, 0x0000000097900000|  0%| F|  |TAMS 0x0000000097800000| PB 0x0000000097800000| Untracked 
| 105|0x0000000097900000, 0x0000000097900000, 0x0000000097a00000|  0%| F|  |TAMS 0x0000000097900000| PB 0x0000000097900000| Untracked 
| 106|0x0000000097a00000, 0x0000000097a00000, 0x0000000097b00000|  0%| F|  |TAMS 0x0000000097a00000| PB 0x0000000097a00000| Untracked 
| 107|0x0000000097b00000, 0x0000000097b00000, 0x0000000097c00000|  0%| F|  |TAMS 0x0000000097b00000| PB 0x0000000097b00000| Untracked 
| 108|0x0000000097c00000, 0x0000000097c00000, 0x0000000097d00000|  0%| F|  |TAMS 0x0000000097c00000| PB 0x0000000097c00000| Untracked 
| 109|0x0000000097d00000, 0x0000000097e00000, 0x0000000097e00000|100%| E|  |TAMS 0x0000000097d00000| PB 0x0000000097d00000| Complete 
| 110|0x0000000097e00000, 0x0000000097f00000, 0x0000000097f00000|100%| E|CS|TAMS 0x0000000097e00000| PB 0x0000000097e00000| Complete 
| 111|0x0000000097f00000, 0x0000000098000000, 0x0000000098000000|100%| E|CS|TAMS 0x0000000097f00000| PB 0x0000000097f00000| Complete 

Card table byte_map: [0x000001e14fcc0000,0x000001e150040000] _byte_map_base: 0x000001e14f838000

Marking Bits: (CMBitMap*) 0x000001e13c6bb260
 Bits: [0x000001e150040000, 0x000001e151c00000)

Polling page: 0x000001e13be30000

Metaspace:

Usage:
  Non-class:      7.24 MB used.
      Class:    668.73 KB used.
       Both:      7.89 MB used.

Virtual space:
  Non-class space:       64.00 MB reserved,       7.25 MB ( 11%) committed,  1 nodes.
      Class space:        1.00 GB reserved,     768.00 KB ( <1%) committed,  1 nodes.
             Both:        1.06 GB reserved,       8.00 MB ( <1%) committed. 

Chunk freelists:
   Non-Class:  8.38 MB
       Class:  15.23 MB
        Both:  23.60 MB

MaxMetaspaceSize: unlimited
CompressedClassSpaceSize: 1.00 GB
Initial GC threshold: 21.00 MB
Current GC threshold: 21.00 MB
CDS: off
 - commit_granule_bytes: 65536.
 - commit_granule_words: 8192.
 - virtual_space_node_default_size: 8388608.
 - enlarge_chunks_in_place: 1.
 - use_allocation_guard: 0.


Internal statistics:

num_allocs_failed_limit: 0.
num_arena_births: 10.
num_arena_deaths: 0.
num_vsnodes_births: 2.
num_vsnodes_deaths: 0.
num_space_committed: 128.
num_space_uncommitted: 0.
num_chunks_returned_to_freelist: 0.
num_chunks_taken_from_freelist: 37.
num_chunk_merges: 0.
num_chunk_splits: 18.
num_chunks_enlarged: 13.
num_inconsistent_stats: 0.

CodeHeap 'non-profiled nmethods': size=120000Kb used=64Kb max_used=64Kb free=119935Kb
 bounds [0x000001e1480d0000, 0x000001e148340000, 0x000001e14f600000]
CodeHeap 'profiled nmethods': size=120000Kb used=278Kb max_used=278Kb free=119721Kb
 bounds [0x000001e140600000, 0x000001e140870000, 0x000001e147b30000]
CodeHeap 'non-nmethods': size=5760Kb used=1301Kb max_used=1313Kb free=4458Kb
 bounds [0x000001e147b30000, 0x000001e147da0000, 0x000001e1480d0000]
 total_blobs=635 nmethods=218 adapters=322
 compilation: enabled
              stopped_count=0, restarted_count=0
 full_count=0

Compilation events (20 events):
Event: 0.342 Thread 0x000001e15485dbd0  210       3       java.lang.Number::<init> (5 bytes)
Event: 0.342 Thread 0x000001e15485dbd0 nmethod 210 0x000001e140643490 code [0x000001e140643640, 0x000001e1406437a8]
Event: 0.342 Thread 0x000001e15485dbd0  209       3       java.util.ArrayList::add (25 bytes)
Event: 0.343 Thread 0x000001e15485dbd0 nmethod 209 0x000001e140643890 code [0x000001e140643a60, 0x000001e140643e60]
Event: 0.343 Thread 0x000001e15485dbd0  212       3       java.lang.Integer::<init> (10 bytes)
Event: 0.343 Thread 0x000001e15485dbd0 nmethod 212 0x000001e140644010 code [0x000001e1406441c0, 0x000001e140644388]
Event: 0.343 Thread 0x000001e15485dbd0  211       1       sun.security.util.KnownOIDs::value (5 bytes)
Event: 0.343 Thread 0x000001e15485dbd0 nmethod 211 0x000001e1480dfd90 code [0x000001e1480dff20, 0x000001e1480dffe8]
Event: 0.343 Thread 0x000001e15485dbd0  213       1       java.lang.Integer::intValue (5 bytes)
Event: 0.343 Thread 0x000001e15485dbd0 nmethod 213 0x000001e1480e0090 code [0x000001e1480e0220, 0x000001e1480e02e8]
Event: 0.343 Thread 0x000001e15485dbd0  214       3       java.lang.Integer::hashCode (8 bytes)
Event: 0.343 Thread 0x000001e15485dbd0 nmethod 214 0x000001e140644490 code [0x000001e140644640, 0x000001e1406447a8]
Event: 0.343 Thread 0x000001e15485dbd0  217       3       java.lang.Integer::valueOf (32 bytes)
Event: 0.344 Thread 0x000001e15485dbd0 nmethod 217 0x000001e140644890 code [0x000001e140644a60, 0x000001e140644d60]
Event: 0.344 Thread 0x000001e15485dbd0  215       3       java.lang.Integer::hashCode (2 bytes)
Event: 0.344 Thread 0x000001e15485dbd0 nmethod 215 0x000001e140644e90 code [0x000001e140645020, 0x000001e140645110]
Event: 0.344 Thread 0x000001e15485dbd0  216       3       java.lang.invoke.Invokers$Holder::linkToTargetMethod (8 bytes)
Event: 0.344 Thread 0x000001e15485dbd0 nmethod 216 0x000001e140645190 code [0x000001e140645360, 0x000001e140645638]
Event: 0.345 Thread 0x000001e15485dbd0  218       3       java.security.Provider$ServiceKey::hashCode (19 bytes)
Event: 0.345 Thread 0x000001e15485dbd0 nmethod 218 0x000001e140645710 code [0x000001e1406458c0, 0x000001e140645a58]

GC Heap History (0 events):
No events

Dll operation events (2 events):
Event: 0.014 Loaded shared library C:\Program Files\JetBrains\IntelliJ IDEA Community Edition 2024.3.2.2\jbr\bin\java.dll
Event: 0.029 Loaded shared library C:\Program Files\JetBrains\IntelliJ IDEA Community Edition 2024.3.2.2\jbr\bin\zip.dll

Deoptimization events (0 events):
No events

Classes loaded (20 events):
Event: 0.337 Loading class java/security/AuthProvider done
Event: 0.337 Loading class java/lang/NumberFormatException
Event: 0.337 Loading class java/lang/NumberFormatException done
Event: 0.338 Loading class java/lang/UnsupportedOperationException
Event: 0.338 Loading class java/lang/UnsupportedOperationException done
Event: 0.338 Loading class java/security/PrivilegedActionException
Event: 0.338 Loading class java/security/PrivilegedActionException done
Event: 0.338 Loading class javax/security/auth/login/LoginException
Event: 0.338 Loading class javax/security/auth/login/LoginException done
Event: 0.338 Loading class javax/security/auth/login/FailedLoginException
Event: 0.338 Loading class javax/security/auth/login/FailedLoginException done
Event: 0.339 Loading class java/lang/AssertionError
Event: 0.339 Loading class java/lang/AssertionError done
Event: 0.339 Loading class javax/security/auth/Subject
Event: 0.339 Loading class javax/security/auth/Subject done
Event: 0.339 Loading class javax/security/auth/callback/CallbackHandler
Event: 0.339 Loading class javax/security/auth/callback/CallbackHandler done
Event: 0.345 Loading class sun/security/util/CurveDB
Event: 0.346 Loading class sun/security/util/CurveDB done
Event: 0.346 Loading class java/math/BigInteger

Classes unloaded (0 events):
No events

Classes redefined (0 events):
No events

Internal exceptions (0 events):
No events

ZGC Phase Switch (0 events):
No events

VM Operations (4 events):
Event: 0.211 Executing VM operation: HandshakeAllThreads (Deoptimize)
Event: 0.211 Executing VM operation: HandshakeAllThreads (Deoptimize) done
Event: 0.224 Executing VM operation: HandshakeAllThreads (Deoptimize)
Event: 0.224 Executing VM operation: HandshakeAllThreads (Deoptimize) done

Memory protections (0 events):
No events

Nmethod flushes (0 events):
No events

Events (16 events):
Event: 0.027 Thread 0x000001e13a5805b0 Thread added: 0x000001e13a5805b0
Event: 0.117 Thread 0x000001e13a5805b0 Thread added: 0x000001e15480b490
Event: 0.118 Thread 0x000001e13a5805b0 Thread added: 0x000001e15480c3a0
Event: 0.119 Thread 0x000001e13a5805b0 Thread added: 0x000001e154843fe0
Event: 0.119 Thread 0x000001e13a5805b0 Thread added: 0x000001e154844a30
Event: 0.119 Thread 0x000001e13a5805b0 Thread added: 0x000001e154847490
Event: 0.120 Thread 0x000001e13a5805b0 Thread added: 0x000001e154849ef0
Event: 0.120 Thread 0x000001e13a5805b0 Thread added: 0x000001e15485d140
Event: 0.120 Thread 0x000001e13a5805b0 Thread added: 0x000001e15485dbd0
Event: 0.163 Thread 0x000001e13a5805b0 Thread added: 0x000001e154a04460
Event: 0.173 Thread 0x000001e13a5805b0 Thread added: 0x000001e154a06c90
Event: 0.185 Loaded shared library C:\Program Files\JetBrains\IntelliJ IDEA Community Edition 2024.3.2.2\jbr\bin\net.dll
Event: 0.188 Loaded shared library C:\Program Files\JetBrains\IntelliJ IDEA Community Edition 2024.3.2.2\jbr\bin\nio.dll
Event: 0.202 Loaded shared library C:\Program Files\JetBrains\IntelliJ IDEA Community Edition 2024.3.2.2\jbr\bin\zip.dll
Event: 0.316 Loaded shared library C:\Program Files\JetBrains\IntelliJ IDEA Community Edition 2024.3.2.2\jbr\bin\jimage.dll
Event: 0.328 Loaded shared library C:\Program Files\JetBrains\IntelliJ IDEA Community Edition 2024.3.2.2\jbr\bin\sunmscapi.dll


Dynamic libraries:
0x00007ff6c3cc0000 - 0x00007ff6c3cca000 	C:\Program Files\JetBrains\IntelliJ IDEA Community Edition 2024.3.2.2\jbr\bin\java.exe
0x00007ffad4e90000 - 0x00007ffad50a8000 	C:\WINDOWS\SYSTEM32\ntdll.dll
0x00007ffad3b10000 - 0x00007ffad3bd4000 	C:\WINDOWS\System32\KERNEL32.DLL
0x00007ffad24e0000 - 0x00007ffad28b3000 	C:\WINDOWS\System32\KERNELBASE.dll
0x00007ffad2340000 - 0x00007ffad2451000 	C:\WINDOWS\System32\ucrtbase.dll
0x00007ffac0360000 - 0x00007ffac0378000 	C:\Program Files\JetBrains\IntelliJ IDEA Community Edition 2024.3.2.2\jbr\bin\jli.dll
0x00007ffa800f0000 - 0x00007ffa8010b000 	C:\Program Files\JetBrains\IntelliJ IDEA Community Edition 2024.3.2.2\jbr\bin\VCRUNTIME140.dll
0x00007ffad3760000 - 0x00007ffad3912000 	C:\WINDOWS\System32\USER32.dll
0x00007ffad2ad0000 - 0x00007ffad2af6000 	C:\WINDOWS\System32\win32u.dll
0x00007ffad4a90000 - 0x00007ffad4ab9000 	C:\WINDOWS\System32\GDI32.dll
0x00007ffac1b70000 - 0x00007ffac1e0c000 	C:\WINDOWS\WinSxS\amd64_microsoft.windows.common-controls_6595b64144ccf1df_6.0.22621.6060_none_2712eda17382d24b\COMCTL32.dll
0x00007ffad2ff0000 - 0x00007ffad3097000 	C:\WINDOWS\System32\msvcrt.dll
0x00007ffad2210000 - 0x00007ffad2333000 	C:\WINDOWS\System32\gdi32full.dll
0x00007ffad2a30000 - 0x00007ffad2aca000 	C:\WINDOWS\System32\msvcp_win.dll
0x00007ffad4e10000 - 0x00007ffad4e41000 	C:\WINDOWS\System32\IMM32.DLL
0x00007ffa9f5d0000 - 0x00007ffa9f5dc000 	C:\Program Files\JetBrains\IntelliJ IDEA Community Edition 2024.3.2.2\jbr\bin\vcruntime140_1.dll
0x00007ffab0a20000 - 0x00007ffab0aad000 	C:\Program Files\JetBrains\IntelliJ IDEA Community Edition 2024.3.2.2\jbr\bin\msvcp140.dll
0x00007ffa6be00000 - 0x00007ffa6cbc1000 	C:\Program Files\JetBrains\IntelliJ IDEA Community Edition 2024.3.2.2\jbr\bin\server\jvm.dll
0x00007ffad35c0000 - 0x00007ffad3671000 	C:\WINDOWS\System32\ADVAPI32.dll
0x00007ffad2ba0000 - 0x00007ffad2c48000 	C:\WINDOWS\System32\sechost.dll
0x00007ffad2b00000 - 0x00007ffad2b28000 	C:\WINDOWS\System32\bcrypt.dll
0x00007ffad47b0000 - 0x00007ffad48c8000 	C:\WINDOWS\System32\RPCRT4.dll
0x00007ffad30a0000 - 0x00007ffad3111000 	C:\WINDOWS\System32\WS2_32.dll
0x00007ffad1e60000 - 0x00007ffad1ead000 	C:\WINDOWS\SYSTEM32\POWRPROF.dll
0x00007ffacdf20000 - 0x00007ffacdf54000 	C:\WINDOWS\SYSTEM32\WINMM.dll
0x00007ffaca890000 - 0x00007ffaca89a000 	C:\WINDOWS\SYSTEM32\VERSION.dll
0x00007ffad1e40000 - 0x00007ffad1e53000 	C:\WINDOWS\SYSTEM32\UMPDC.dll
0x00007ffad0ec0000 - 0x00007ffad0ed8000 	C:\WINDOWS\SYSTEM32\kernel.appcore.dll
0x00007ffa89d90000 - 0x00007ffa89d9a000 	C:\Program Files\JetBrains\IntelliJ IDEA Community Edition 2024.3.2.2\jbr\bin\jimage.dll
0x00007ffacf880000 - 0x00007ffacfab3000 	C:\WINDOWS\SYSTEM32\DBGHELP.DLL
0x00007ffad2c50000 - 0x00007ffad2fe2000 	C:\WINDOWS\System32\combase.dll
0x00007ffad3680000 - 0x00007ffad3758000 	C:\WINDOWS\System32\OLEAUT32.dll
0x00007ffabbf10000 - 0x00007ffabbf42000 	C:\WINDOWS\SYSTEM32\dbgcore.DLL
0x00007ffad1f90000 - 0x00007ffad200b000 	C:\WINDOWS\System32\bcryptPrimitives.dll
0x00007ffa7f880000 - 0x00007ffa7f8a0000 	C:\Program Files\JetBrains\IntelliJ IDEA Community Edition 2024.3.2.2\jbr\bin\java.dll
0x00007ffa7f860000 - 0x00007ffa7f878000 	C:\Program Files\JetBrains\IntelliJ IDEA Community Edition 2024.3.2.2\jbr\bin\zip.dll
0x00007ffad3d60000 - 0x00007ffad45fe000 	C:\WINDOWS\System32\SHELL32.dll
0x00007ffad2010000 - 0x00007ffad214f000 	C:\WINDOWS\System32\wintypes.dll
0x00007ffacfe20000 - 0x00007ffad0738000 	C:\WINDOWS\SYSTEM32\windows.storage.dll
0x00007ffad48d0000 - 0x00007ffad49d4000 	C:\WINDOWS\System32\SHCORE.dll
0x00007ffad4da0000 - 0x00007ffad4e09000 	C:\WINDOWS\System32\shlwapi.dll
0x00007ffad1ec0000 - 0x00007ffad1ee5000 	C:\WINDOWS\SYSTEM32\profapi.dll
0x00007ffa7f570000 - 0x00007ffa7f580000 	C:\Program Files\JetBrains\IntelliJ IDEA Community Edition 2024.3.2.2\jbr\bin\net.dll
0x00007ffacd7c0000 - 0x00007ffacd8ec000 	C:\WINDOWS\SYSTEM32\WINHTTP.dll
0x00007ffad1400000 - 0x00007ffad1469000 	C:\WINDOWS\system32\mswsock.dll
0x00007ffa7f550000 - 0x00007ffa7f566000 	C:\Program Files\JetBrains\IntelliJ IDEA Community Edition 2024.3.2.2\jbr\bin\nio.dll
0x00007ffa6cc40000 - 0x00007ffa6cc4e000 	C:\Program Files\JetBrains\IntelliJ IDEA Community Edition 2024.3.2.2\jbr\bin\sunmscapi.dll
0x00007ffad28c0000 - 0x00007ffad2a28000 	C:\WINDOWS\System32\CRYPT32.dll
0x00007ffad1850000 - 0x00007ffad187e000 	C:\WINDOWS\SYSTEM32\ncrypt.dll
0x00007ffad1810000 - 0x00007ffad1847000 	C:\WINDOWS\SYSTEM32\NTASN1.dll

dbghelp: loaded successfully - version: 4.0.5 - missing functions: none
symbol engine: initialized successfully - sym options: 0x614 - pdb path: .;C:\Program Files\JetBrains\IntelliJ IDEA Community Edition 2024.3.2.2\jbr\bin;C:\WINDOWS\SYSTEM32;C:\WINDOWS\WinSxS\amd64_microsoft.windows.common-controls_6595b64144ccf1df_6.0.22621.6060_none_2712eda17382d24b;C:\Program Files\JetBrains\IntelliJ IDEA Community Edition 2024.3.2.2\jbr\bin\server

VM Arguments:
java_command: git4idea.http.GitAskPassApp Username for 'https://github.com': 
java_class_path (initial): C:/Program Files/JetBrains/IntelliJ IDEA Community Edition 2024.3.2.2/plugins/vcs-git/lib/git4idea-rt.jar;C:/Program Files/JetBrains/IntelliJ IDEA Community Edition 2024.3.2.2/lib/externalProcess-rt.jar
Launcher Type: SUN_STANDARD

[Global flags]
     intx CICompilerCount                          = 4                                         {product} {ergonomic}
     uint ConcGCThreads                            = 2                                         {product} {ergonomic}
     uint G1ConcRefinementThreads                  = 8                                         {product} {ergonomic}
   size_t G1HeapRegionSize                         = 1048576                                   {product} {ergonomic}
    uintx GCDrainStackTargetSize                   = 64                                        {product} {ergonomic}
   size_t InitialHeapSize                          = 117440512                                 {product} {ergonomic}
   size_t MarkStackSize                            = 4194304                                   {product} {ergonomic}
   size_t MaxHeapSize                              = 1862270976                                {product} {ergonomic}
   size_t MaxNewSize                               = 1116733440                                {product} {ergonomic}
   size_t MinHeapDeltaBytes                        = 1048576                                   {product} {ergonomic}
   size_t MinHeapSize                              = 8388608                                   {product} {ergonomic}
    uintx NonNMethodCodeHeapSize                   = 5839372                                {pd product} {ergonomic}
    uintx NonProfiledCodeHeapSize                  = 122909434                              {pd product} {ergonomic}
    uintx ProfiledCodeHeapSize                     = 122909434                              {pd product} {ergonomic}
    uintx ReservedCodeCacheSize                    = 251658240                              {pd product} {ergonomic}
     bool SegmentedCodeCache                       = true                                      {product} {ergonomic}
   size_t SoftMaxHeapSize                          = 1862270976                             {manageable} {ergonomic}
     bool UseCompressedOops                        = true                           {product lp64_product} {ergonomic}
     bool UseG1GC                                  = true                                      {product} {ergonomic}
     bool UseLargePagesIndividualAllocation        = false                                  {pd product} {ergonomic}

Logging:
Log output configuration:
 #0: stdout all=warning uptime,level,tags foldmultilines=false
 #1: stderr all=off uptime,level,tags foldmultilines=false

Environment Variables:
PATH=C:\Program Files\Git\mingw64\libexec\git-core;C:\Program Files\Git\mingw64\libexec\git-core;C:\Program Files\Git\mingw64\bin;C:\Program Files\Git\usr\bin;C:\Users\godsw\bin;C:\WINDOWS\system32;C:\WINDOWS;C:\WINDOWS\System32\Wbem;C:\WINDOWS\System32\WindowsPowerShell\v1.0;C:\WINDOWS\System32\OpenSSH;C:\Program Files\Git\cmd;C:\Program Files\dotnet;C:\Program Files\nodejs;C:\Users\godsw\AppData\Local\Microsoft\WindowsApps;C:\Users\godsw\AppData\Local\Programs\Microsoft VS Code\bin;C:\Users\godsw\AppData\Roaming\npm
USERNAME=godsw
DISPLAY=:0.0
LC_ALL=en_US.UTF-8
TERM=xterm-256color
TMPDIR=C:\Users\godsw\AppData\Local\Temp
OS=Windows_NT
PROCESSOR_IDENTIFIER=AMD64 Family 23 Model 24 Stepping 1, AuthenticAMD
TMP=C:\Users\godsw\AppData\Local\Temp
TEMP=C:\Users\godsw\AppData\Local\Temp




Periodic native trim disabled

JNI global refs:
JNI global refs: 8, weak refs: 0

JNI global refs memory usage: 835, weak refs: 201

Process memory usage:
Resident Set Size: 41004K (0% of 7274124K total physical memory with 587312K free physical memory)

OOME stack traces (most recent first):
Classloader memory used:
Loader bootstrap                                                                       : 7928K
Loader jdk.internal.loader.ClassLoaders$PlatformClassLoader                            : 139K
Loader jdk.internal.loader.ClassLoaders$AppClassLoader                                 : 16400B

---------------  S Y S T E M  ---------------

OS:
 Windows 11 , 64 bit Build 22621 (10.0.22621.5415)
OS uptime: 2 days 4:32 hours
Hyper-V role detected

CPU: total 8 (initial active 8) (8 cores per cpu, 2 threads per core) family 23 model 24 stepping 1 microcode 0x0, cx8, cmov, fxsr, ht, mmx, 3dnowpref, sse, sse2, sse3, ssse3, sse4a, sse4.1, sse4.2, popcnt, lzcnt, tsc, tscinvbit, avx, avx2, aes, clmul, bmi1, bmi2, adx, sha, fma, vzeroupper, clflush, clflushopt, hv, rdtscp, f16c
Processor Information for all 8 processors :
  Max Mhz: 2100, Current Mhz: 2100, Mhz Limit: 2100

Memory: 4k page, system-wide physical 7103M (573M free)
TotalPageFile size 15332M (AvailPageFile size 1M)
current process WorkingSet (physical memory assigned to process): 40M, peak: 40M
current process commit charge ("private bytes"): 190M, peak: 191M

vm_info: OpenJDK 64-Bit Server VM (21.0.5+8-b631.30) for windows-amd64 JRE (21.0.5+8-b631.30), built on 2024-12-06 by "builduser" with MS VC++ 16.10 / 16.11 (VS2019)

END.
